C51 COMPILER V9.60.7.0   MAIN                                                              09/18/2023 12:11:22 PAGE 1   


C51 COMPILER V9.60.7.0, COMPILATION OF MODULE MAIN
OBJECT MODULE PLACED IN .\Objects\main.obj
COMPILER INVOKED BY: C:\Keil_v5\C51\BIN\C51.EXE main.c OPTIMIZE(8,SPEED) BROWSE DEBUG OBJECTEXTEND PRINT(.\Listings\main
                    -.lst) TABS(2) OBJECT(.\Objects\main.obj)

line level    source

   1          #include <reg51.h>
   2          #include "lcd.h"
   3          #include <stdio.h>
   4          
   5          struct __time {                         // structure to represent time
   6              unsigned int hour;
   7              unsigned int minute;
   8              unsigned int second;
   9              unsigned int day;
  10              unsigned int month;
  11              unsigned int year;
  12          };
  13          
  14          struct __time current_time = {23, 59, 50, 31,12,2001};                                // Initial time aur 
             -date
  15          unsigned int daysinmonth[] = {0,31,28,31,30,31,30,31,31,30,31,30,31};
  16          
  17          char time_str[14]; 
  18          char date_str[13]; 
  19          
  20          unsigned int count = 0;
  21          unsigned int dayinthismonth;
  22          
  23          void update_lcd() {
  24   1      
  25   1        sprintf(time_str, "%02d:%02d:%02d", current_time.hour, current_time.minute,current_time.second); //initia
             -ll values formatted shwe
  26   1        sprintf(date_str, "%02d:%02d:%04d", current_time.day, current_time.month, current_time.year);
  27   1          
  28   1          lcd_set_cursor(0, 0);
  29   1          lcd_write_string("Time: ");
  30   1          lcd_write_string(time_str);
  31   1          lcd_set_cursor(1, 0);
  32   1          lcd_write_string("Date: ");
  33   1          lcd_write_string(date_str);
  34   1      }
  35          
  36          int is_leafyear(int year)
  37            {
  38   1        
  39   1          if(year % 4 == 0  && year % 100 == 0 || (year % 400 == 0))
  40   1          {
  41   2            return 1;
  42   2          }
  43   1          
  44   1          else {
  45   2            return 0;
  46   2          }
  47   1      }
  48          
  49          
  50          void int0_isr(void) interrupt 1
  51          {
  52   1        count++;                                          // Increment ka counter
C51 COMPILER V9.60.7.0   MAIN                                                              09/18/2023 12:11:22 PAGE 2   

  53   1      
  54   1        if(count == 10){                                   
  55   2          
  56   2          current_time.second++;                            // Increment ka second
  57   2            if (current_time.second >= 60){
  58   3                current_time.second = 0;
  59   3                current_time.minute++; 
  60   3              
  61   3              if (current_time.minute >= 60){
  62   4                  current_time.minute = 0;
  63   4                  current_time.hour++;
  64   4              
  65   4                if (current_time.hour >= 24){
  66   5                    current_time.hour = 0;
  67   5                    current_time.day++;
  68   5                  
  69   5                    dayinthismonth = daysinmonth[current_time.month];           //da haree miyashtee wraze
  70   5                   
  71   5                    if (current_time.day > dayinthismonth){
  72   6                        current_time.day = 1;
  73   6                        current_time.month++;
  74   6                     
  75   6                       if (current_time.month > 12){
  76   7                           current_time.month = 0;
  77   7                           current_time.year++;                 
  78   7                    
  79   7                          if (is_leafyear(current_time.year))
  80   7                          {
  81   8                             daysinmonth[2] = 29;
  82   8                          }
  83   7                          else
  84   7                          {
  85   8                            daysinmonth[2] = 28;
  86   8                          }          
  87   7                    }           
  88   6                  }           
  89   5                }
  90   4              }
  91   3            }   
  92   2      
  93   2            update_lcd();
  94   2            count = 0;
  95   2        }
  96   1         TF0 = 0; // Clear Timer 0 interrupt flag
  97   1      }
  98          
  99          void timer_init()
 100          {
 101   1          TMOD = 0x01;
 102   1          TH0 = 0xFF;
 103   1          TL0 = 0x9C;
 104   1          TR0 = 1; 
 105   1        
 106   1          ET0 = 1;
 107   1          EA = 1;
 108   1      }
 109          
 110          
 111          void main(){
 112   1          
 113   1          lcd_init();
 114   1          lcd_write_string("RTC SOFTWARE");
C51 COMPILER V9.60.7.0   MAIN                                                              09/18/2023 12:11:22 PAGE 3   

 115   1          delay_ms(1000);
 116   1          lcd_clear();
 117   1        
 118   1          timer_init();
 119   1      
 120   1          while(1){
 121   2      
 122   2          }
 123   1      }


MODULE INFORMATION:   STATIC OVERLAYABLE
   CODE SIZE        =    465    ----
   CONSTANT SIZE    =     57    ----
   XDATA SIZE       =   ----    ----
   PDATA SIZE       =   ----    ----
   DATA SIZE        =     69    ----
   IDATA SIZE       =   ----    ----
   BIT SIZE         =   ----    ----
END OF MODULE INFORMATION.


C51 COMPILATION COMPLETE.  0 WARNING(S),  0 ERROR(S)
