C51 COMPILER V9.60.7.0   MAIN                                                              09/20/2023 17:19:59 PAGE 1   


C51 COMPILER V9.60.7.0, COMPILATION OF MODULE MAIN
OBJECT MODULE PLACED IN .\Objects\main.obj
COMPILER INVOKED BY: C:\Keil_v5\C51\BIN\C51.EXE main.c OPTIMIZE(8,SPEED) BROWSE DEBUG OBJECTEXTEND PRINT(.\Listings\main
                    -.lst) TABS(2) OBJECT(.\Objects\main.obj)

line level    source

   1          ////In 8051-based system, the crystal oscillator has a frequency of 11.0592 MHz when C/T bit of TMOD is 0.
             - 
   2          ////Each machine cycle is made up of 12 clock cycles. Hence for a single machine cycle, the frequency beco
             -mes 1/12 × 11.0529 MHz = 921.6 KHz.
   3          
   4          ////timer count  by internal interrupt
   5          ////counter count  by external interrupt
   6          
   7          #include <reg52.h>
   8          #include "lcd.h"
   9          
  10          sbit fucntion_generator = P3^4;
  11          bit overflow = 0;
  12          
  13          unsigned int frequency = 0;
  14          
  15          void timer_counter(){
  16   1              
  17   1              TMOD = 0x16;
  18   1              TH0 = 0x00;
  19   1              TL0 = 0x00;
  20   1              
  21   1              TR0 = 1;
  22   1      }
  23          
  24          void ms_delay(unsigned int time)        // da sahi ms delay da, total Delay = 1ms * Value   
  25          {
  26   1       unsigned int j;
  27   1           
  28   1        for (j=0; j<time ;j++)
  29   1        {  
  30   2          
  31   2          TH1=0xFC;
  32   2          TL1=0x19;
  33   2          TF1=0;
  34   2          TR1=1;
  35   2          while(TF1==0){
  36   3            
  37   3            if(TH1 == 0xFF && TL1 == 0xFF){        //chi timer overflow she
  38   4              
  39   4              overflow = 1;
  40   4              break;
  41   4            }
  42   3          }
  43   2          
  44   2           TF1=0;
  45   2           TR1=0;
  46   2        }
  47   1      }
  48          
  49          
  50          void main() 
  51          {
  52   1          fucntion_generator  = 1;
C51 COMPILER V9.60.7.0   MAIN                                                              09/20/2023 17:19:59 PAGE 2   

  53   1        
  54   1          lcd_init();
  55   1        
  56   1          lcd_set_cursor(0,1);
  57   1          lcd_write_string("Frequency");
  58   1          
  59   1          lcd_set_cursor(1,10);
  60   1          lcd_write_string("Hz");
  61   1      
  62   1          while (1) 
  63   1            {
  64   2              
  65   2              timer_counter();
  66   2              
  67   2              ms_delay(900);            //900ms delay
  68   2              TR0 = 0;                 //stop timer
  69   2              
  70   2              frequency = (TH0*255) + TL0;                  
  71   2              lcd_set_cursor(1,5);
  72   2              
  73   2              if(overflow){
  74   3                
  75   3                lcd_write_string("Error....");
  76   3                
  77   3              }
  78   2              
  79   2              else {
  80   3                
  81   3              lcd_disp_numb(frequency,4);
  82   3                
  83   3              }
  84   2              
  85   2            overflow = 0;
  86   2          }
  87   1      }
  88          
  89          
  90          
  91          
  92          


MODULE INFORMATION:   STATIC OVERLAYABLE
   CODE SIZE        =    161    ----
   CONSTANT SIZE    =     23    ----
   XDATA SIZE       =   ----    ----
   PDATA SIZE       =   ----    ----
   DATA SIZE        =      2    ----
   IDATA SIZE       =   ----    ----
   BIT SIZE         =      1    ----
END OF MODULE INFORMATION.


C51 COMPILATION COMPLETE.  0 WARNING(S),  0 ERROR(S)
