C51 COMPILER V9.60.7.0   MAIN                                                              09/15/2023 12:28:15 PAGE 1   


C51 COMPILER V9.60.7.0, COMPILATION OF MODULE MAIN
OBJECT MODULE PLACED IN .\Objects\main.obj
COMPILER INVOKED BY: C:\Keil_v5\C51\BIN\C51.EXE main.c OPTIMIZE(8,SPEED) BROWSE DEBUG OBJECTEXTEND PRINT(.\Listings\main
                    -.lst) TABS(2) OBJECT(.\Objects\main.obj)

line level    source

   1          #include <reg51.h>
   2          #include "lcd.h"
   3          #include <stdio.h>    
   4          
   5          unsigned int second = 0;
   6          unsigned int count = 0;
   7          char seconds_str[3];
   8          
   9          void int0_isr(void) interrupt 1
  10          {
  11   1        count++;
  12   1      
  13   1        if(count==20)
  14   1        {
  15   2          second++;
  16   2          if (second > 60){
  17   3              
  18   3              second = 0;
  19   3          }
  20   2          sprintf(seconds_str, "%02d", second); // Format seconds as two digits
  21   2          lcd_set_cursor(0,8);
  22   2          lcd_write_string(seconds_str);
  23   2          count = 0;
  24   2        }  
  25   1        TF0 = 0;
  26   1      }
  27          
  28          void timer_init()
  29          {
  30   1        
  31   1        TMOD = 0x01;
  32   1        TH0 = 0xEF;
  33   1        TL0 = 0x41; 
  34   1        TR0 = 1;
  35   1      
  36   1        ET0 = 1;
  37   1        EA = 1;
  38   1      }
  39          
  40          
  41          void main(){
  42   1      
  43   1        lcd_init();
  44   1        lcd_write_string("Second:");
  45   1        timer_init();
  46   1      
  47   1        while(1){
  48   2          
  49   2          
  50   2        }
  51   1        
  52   1      }


C51 COMPILER V9.60.7.0   MAIN                                                              09/15/2023 12:28:15 PAGE 2   

MODULE INFORMATION:   STATIC OVERLAYABLE
   CODE SIZE        =    174    ----
   CONSTANT SIZE    =     13    ----
   XDATA SIZE       =   ----    ----
   PDATA SIZE       =   ----    ----
   DATA SIZE        =      7    ----
   IDATA SIZE       =   ----    ----
   BIT SIZE         =   ----    ----
END OF MODULE INFORMATION.


C51 COMPILATION COMPLETE.  0 WARNING(S),  0 ERROR(S)
